This file contains any messages produced by compilers while
running configure, to aid debugging if configure makes a mistake.

It was created by miraculix configure 0.9, which was
generated by GNU Autoconf 2.69.  Invocation command line was

  $ ./configure CXX_FLAGS=-march=native USE_GPU=yes

## --------- ##
## Platform. ##
## --------- ##

hostname = capsicum
uname -m = x86_64
uname -r = 5.4.0-66-generic
uname -s = Linux
uname -v = #74-Ubuntu SMP Wed Jan 27 22:54:38 UTC 2021

/usr/bin/uname -p = unknown
/bin/uname -X     = unknown

/bin/arch              = unknown
/usr/bin/arch -k       = unknown
/usr/convex/getsysinfo = unknown
/usr/bin/hostinfo      = unknown
/bin/machine           = unknown
/usr/bin/oslevel       = unknown
/bin/universe          = unknown

PATH: /home/ckurs/freudenberg_alex/.vscode-server/bin/2b9aebd5354a3629c3aba0a5f5df49f43d6689f8/bin
PATH: /usr/local/cuda-10.0/bin
PATH: /home/ckurs/freudenberg_alex/.vscode-server/bin/2b9aebd5354a3629c3aba0a5f5df49f43d6689f8/bin
PATH: /usr/local/cuda-10.0/bin
PATH: /usr/local/sbin
PATH: /usr/local/bin
PATH: /usr/sbin
PATH: /usr/bin
PATH: /sbin
PATH: /bin
PATH: /usr/games
PATH: /usr/local/games
PATH: /snap/bin$
PATH: /snap/bin$


## ----------- ##
## Core tests. ##
## ----------- ##

configure:1856: checking for C++ compiler version
configure:1865: g++ -std=gnu++11 --version >&5
g++ (Ubuntu 9.3.0-17ubuntu1~20.04) 9.3.0
Copyright (C) 2019 Free Software Foundation, Inc.
This is free software; see the source for copying conditions.  There is NO
warranty; not even for MERCHANTABILITY or FITNESS FOR A PARTICULAR PURPOSE.

configure:1876: $? = 0
configure:1865: g++ -std=gnu++11 -v >&5
Using built-in specs.
COLLECT_GCC=g++
COLLECT_LTO_WRAPPER=/usr/lib/gcc/x86_64-linux-gnu/9/lto-wrapper
OFFLOAD_TARGET_NAMES=nvptx-none:hsa
OFFLOAD_TARGET_DEFAULT=1
Target: x86_64-linux-gnu
Configured with: ../src/configure -v --with-pkgversion='Ubuntu 9.3.0-17ubuntu1~20.04' --with-bugurl=file:///usr/share/doc/gcc-9/README.Bugs --enable-languages=c,ada,c++,go,brig,d,fortran,objc,obj-c++,gm2 --prefix=/usr --with-gcc-major-version-only --program-suffix=-9 --program-prefix=x86_64-linux-gnu- --enable-shared --enable-linker-build-id --libexecdir=/usr/lib --without-included-gettext --enable-threads=posix --libdir=/usr/lib --enable-nls --enable-clocale=gnu --enable-libstdcxx-debug --enable-libstdcxx-time=yes --with-default-libstdcxx-abi=new --enable-gnu-unique-object --disable-vtable-verify --enable-plugin --enable-default-pie --with-system-zlib --with-target-system-zlib=auto --enable-objc-gc=auto --enable-multiarch --disable-werror --with-arch-32=i686 --with-abi=m64 --with-multilib-list=m32,m64,mx32 --enable-multilib --with-tune=generic --enable-offload-targets=nvptx-none=/build/gcc-9-HskZEa/gcc-9-9.3.0/debian/tmp-nvptx/usr,hsa --without-cuda-driver --enable-checking=release --build=x86_64-linux-gnu --host=x86_64-linux-gnu --target=x86_64-linux-gnu
Thread model: posix
gcc version 9.3.0 (Ubuntu 9.3.0-17ubuntu1~20.04) 
configure:1876: $? = 0
configure:1865: g++ -std=gnu++11 -V >&5
g++: error: unrecognized command line option '-V'
g++: fatal error: no input files
compilation terminated.
configure:1876: $? = 1
configure:1865: g++ -std=gnu++11 -qversion >&5
g++: error: unrecognized command line option '-qversion'; did you mean '--version'?
g++: fatal error: no input files
compilation terminated.
configure:1876: $? = 1
configure:1896: checking whether the C++ compiler works
configure:1918: g++ -std=gnu++11    conftest.cpp  >&5
configure:1922: $? = 0
configure:1970: result: yes
configure:1973: checking for C++ compiler default output file name
configure:1975: result: a.out
configure:1981: checking for suffix of executables
configure:1988: g++ -std=gnu++11 -o conftest    conftest.cpp  >&5
configure:1992: $? = 0
configure:2014: result: 
configure:2036: checking whether we are cross compiling
configure:2044: g++ -std=gnu++11 -o conftest    conftest.cpp  >&5
configure:2048: $? = 0
configure:2055: ./conftest
configure:2059: $? = 0
configure:2047: result: no
configure:2052: checking for suffix of object files
configure:2074: g++ -std=gnu++11 -c   conftest.cpp >&5
configure:2078: $? = 0
configure:2099: result: o
configure:2103: checking whether we are using the GNU C++ compiler
configure:2122: g++ -std=gnu++11 -c   conftest.cpp >&5
configure:2122: $? = 0
configure:2131: result: yes
configure:2140: checking whether g++ -std=gnu++11 accepts -g
configure:2160: g++ -std=gnu++11 -c -g  conftest.cpp >&5
configure:2160: $? = 0
configure:2201: result: yes
configure:2231: checking which configure args were set by the user
configure:2235: value of USE_AVX is ++
configure:2369: checking whether CUDA_HOME is set
configure:2372: result: CUDA_HOME not set; using /usr/local/cuda
configure:2380: checking for /usr/local/cuda/bin/nvcc
configure:2394: result: yes
configure:2406: checking whether this is the 64 bit linux version of CUDA
configure:2409: checking for /usr/local/cuda/lib64/libcublas.so
configure:2423: result: yes
configure:2439: checking for /home/ckurs/freudenberg_alex/GitHub/cutlass/include/cutlass/cutlass.h
configure:2453: result: yes
configure:2456: result: cutlass directory found
configure:2621: creating ./config.status

## ---------------------- ##
## Running config.status. ##
## ---------------------- ##

This file was extended by miraculix config.status 0.9, which was
generated by GNU Autoconf 2.69.  Invocation command line was

  CONFIG_FILES    = 
  CONFIG_HEADERS  = 
  CONFIG_LINKS    = 
  CONFIG_COMMANDS = 
  $ ./config.status 

on capsicum

config.status:724: creating src/Makevars

## ---------------- ##
## Cache variables. ##
## ---------------- ##

ac_cv_cxx_compiler_gnu=yes
ac_cv_env_CCC_set=
ac_cv_env_CCC_value=
ac_cv_env_CPPFLAGS_set=
ac_cv_env_CPPFLAGS_value=
ac_cv_env_CXXFLAGS_set=
ac_cv_env_CXXFLAGS_value=
ac_cv_env_CXX_set=
ac_cv_env_CXX_value=
ac_cv_env_LDFLAGS_set=
ac_cv_env_LDFLAGS_value=
ac_cv_env_LIBS_set=
ac_cv_env_LIBS_value=
ac_cv_env_build_alias_set=
ac_cv_env_build_alias_value=
ac_cv_env_host_alias_set=
ac_cv_env_host_alias_value=
ac_cv_env_target_alias_set=
ac_cv_env_target_alias_value=
ac_cv_file__home_ckurs_freudenberg_alex_GitHub_cutlass_include_cutlass_cutlass_h=yes
ac_cv_file__usr_local_cuda_bin_nvcc=yes
ac_cv_file__usr_local_cuda_lib64_libcublas_so=yes
ac_cv_objext=o
ac_cv_prog_cxx_g=yes

## ----------------- ##
## Output variables. ##
## ----------------- ##

CPPFLAGS=''
CUDA_HOME='/usr/local/cuda'
CUDA_INSTALLED='true'
CUTLASS_PATH='/home/ckurs/freudenberg_alex/GitHub/cutlass'
CXX='g++ -std=gnu++11'
CXXFLAGS='-g -O2'
DEFS='-DPACKAGE_NAME=\"miraculix\" -DPACKAGE_TARNAME=\"miraculix\" -DPACKAGE_VERSION=\"0.9\" -DPACKAGE_STRING=\"miraculix\ 0.9\" -DPACKAGE_BUGREPORT=\"\" -DPACKAGE_URL=\"\"'
ECHO_C=''
ECHO_N='-n'
ECHO_T=''
EXEEXT=''
LDFLAGS=''
LIBOBJS=''
LIBS=''
LSCPU=''
LTLIBOBJS=''
MIRACULIX_CXXFLAGS='-march=native -DUSEGPU  '
OBJEXT='o'
PACKAGE_BUGREPORT=''
PACKAGE_NAME='miraculix'
PACKAGE_STRING='miraculix 0.9'
PACKAGE_TARNAME='miraculix'
PACKAGE_URL=''
PACKAGE_VERSION='0.9'
PATH_SEPARATOR=':'
RANDOMFIELDS_LIBFLAGS=''
R_LIB=''
SHELL='/bin/bash'
SYSCTL=''
ac_ct_CXX=''
bindir='${exec_prefix}/bin'
build_alias=''
datadir='${datarootdir}'
datarootdir='${prefix}/share'
docdir='${datarootdir}/doc/${PACKAGE_TARNAME}'
dvidir='${docdir}'
exec_prefix='${prefix}'
host_alias=''
htmldir='${docdir}'
includedir='${prefix}/include'
infodir='${datarootdir}/info'
libdir='${exec_prefix}/lib'
libexecdir='${exec_prefix}/libexec'
localedir='${datarootdir}/locale'
localstatedir='${prefix}/var'
mandir='${datarootdir}/man'
oldincludedir='/usr/include'
pdfdir='${docdir}'
prefix='/usr/local'
program_transform_name='s,x,x,'
psdir='${docdir}'
runstatedir='${localstatedir}/run'
sbindir='${exec_prefix}/sbin'
sharedstatedir='${prefix}/com'
sysconfdir='${prefix}/etc'
target_alias=''

## ----------- ##
## confdefs.h. ##
## ----------- ##

/* confdefs.h */
#define PACKAGE_NAME "miraculix"
#define PACKAGE_TARNAME "miraculix"
#define PACKAGE_VERSION "0.9"
#define PACKAGE_STRING "miraculix 0.9"
#define PACKAGE_BUGREPORT ""
#define PACKAGE_URL ""

configure: exit 0
