This file contains any messages produced by compilers while
running configure, to aid debugging if configure makes a mistake.

It was created by RandomFieldsUtils configure 0.6, which was
generated by GNU Autoconf 2.69.  Invocation command line was

  $ ./configure USE_GPU=yes

## --------- ##
## Platform. ##
## --------- ##

hostname = capsicum
uname -m = x86_64
uname -r = 5.4.0-72-generic
uname -s = Linux
uname -v = #80-Ubuntu SMP Mon Apr 12 17:35:00 UTC 2021

/usr/bin/uname -p = unknown
/bin/uname -X     = unknown

/bin/arch              = unknown
/usr/bin/arch -k       = unknown
/usr/convex/getsysinfo = unknown
/usr/bin/hostinfo      = unknown
/bin/machine           = unknown
/usr/bin/oslevel       = unknown
/bin/universe          = unknown

PATH: /usr/local/sbin
PATH: /usr/local/bin
PATH: /usr/sbin
PATH: /usr/bin
PATH: /sbin
PATH: /bin
PATH: /usr/games
PATH: /usr/local/games
PATH: /snap/bin


## ----------- ##
## Core tests. ##
## ----------- ##

configure:1858: checking for C++ compiler version
configure:1867: g++ -std=gnu++11 --version >&5
g++ (Ubuntu 9.3.0-17ubuntu1~20.04) 9.3.0
Copyright (C) 2019 Free Software Foundation, Inc.
This is free software; see the source for copying conditions.  There is NO
warranty; not even for MERCHANTABILITY or FITNESS FOR A PARTICULAR PURPOSE.

configure:1878: $? = 0
configure:1867: g++ -std=gnu++11 -v >&5
Using built-in specs.
COLLECT_GCC=g++
COLLECT_LTO_WRAPPER=/usr/lib/gcc/x86_64-linux-gnu/9/lto-wrapper
OFFLOAD_TARGET_NAMES=nvptx-none:hsa
OFFLOAD_TARGET_DEFAULT=1
Target: x86_64-linux-gnu
Configured with: ../src/configure -v --with-pkgversion='Ubuntu 9.3.0-17ubuntu1~20.04' --with-bugurl=file:///usr/share/doc/gcc-9/README.Bugs --enable-languages=c,ada,c++,go,brig,d,fortran,objc,obj-c++,gm2 --prefix=/usr --with-gcc-major-version-only --program-suffix=-9 --program-prefix=x86_64-linux-gnu- --enable-shared --enable-linker-build-id --libexecdir=/usr/lib --without-included-gettext --enable-threads=posix --libdir=/usr/lib --enable-nls --enable-clocale=gnu --enable-libstdcxx-debug --enable-libstdcxx-time=yes --with-default-libstdcxx-abi=new --enable-gnu-unique-object --disable-vtable-verify --enable-plugin --enable-default-pie --with-system-zlib --with-target-system-zlib=auto --enable-objc-gc=auto --enable-multiarch --disable-werror --with-arch-32=i686 --with-abi=m64 --with-multilib-list=m32,m64,mx32 --enable-multilib --with-tune=generic --enable-offload-targets=nvptx-none=/build/gcc-9-HskZEa/gcc-9-9.3.0/debian/tmp-nvptx/usr,hsa --without-cuda-driver --enable-checking=release --build=x86_64-linux-gnu --host=x86_64-linux-gnu --target=x86_64-linux-gnu
Thread model: posix
gcc version 9.3.0 (Ubuntu 9.3.0-17ubuntu1~20.04) 
configure:1878: $? = 0
configure:1867: g++ -std=gnu++11 -V >&5
g++: error: unrecognized command line option '-V'
g++: fatal error: no input files
compilation terminated.
configure:1878: $? = 1
configure:1867: g++ -std=gnu++11 -qversion >&5
g++: error: unrecognized command line option '-qversion'; did you mean '--version'?
g++: fatal error: no input files
compilation terminated.
configure:1878: $? = 1
configure:1898: checking whether the C++ compiler works
configure:1920: g++ -std=gnu++11    conftest.cpp  >&5
configure:1924: $? = 0
configure:1972: result: yes
configure:1975: checking for C++ compiler default output file name
configure:1977: result: a.out
configure:1983: checking for suffix of executables
configure:1990: g++ -std=gnu++11 -o conftest    conftest.cpp  >&5
configure:1994: $? = 0
configure:2016: result: 
configure:2038: checking whether we are cross compiling
configure:2046: g++ -std=gnu++11 -o conftest    conftest.cpp  >&5
configure:2050: $? = 0
configure:2057: ./conftest
configure:2061: $? = 0
configure:2049: result: no
configure:2054: checking for suffix of object files
configure:2076: g++ -std=gnu++11 -c   conftest.cpp >&5
configure:2080: $? = 0
configure:2101: result: o
configure:2105: checking whether we are using the GNU C++ compiler
configure:2124: g++ -std=gnu++11 -c   conftest.cpp >&5
configure:2124: $? = 0
configure:2133: result: yes
configure:2142: checking whether g++ -std=gnu++11 accepts -g
configure:2162: g++ -std=gnu++11 -c -g  conftest.cpp >&5
configure:2162: $? = 0
configure:2203: result: yes
configure:2234: value of USE_AVX is ''
configure:2236: value of USE_GPU is 'yes'
configure:2369: values of USE_GPU are +yes++
configure:2373: checking whether CUDA_HOME is set
configure:2376: result: CUDA_HOME not set; using /usr/local/cuda
configure:2384: checking for /usr/local/cuda/bin/nvcc
configure:2398: result: yes
configure:2405: checking whether this is the 64 bit linux version of CUDA
configure:2408: checking for /usr/local/cuda/lib64/libcublas.so
configure:2422: result: yes
configure:2599: creating ./config.status

## ---------------------- ##
## Running config.status. ##
## ---------------------- ##

This file was extended by RandomFieldsUtils config.status 0.6, which was
generated by GNU Autoconf 2.69.  Invocation command line was

  CONFIG_FILES    = 
  CONFIG_HEADERS  = 
  CONFIG_LINKS    = 
  CONFIG_COMMANDS = 
  $ ./config.status 

on capsicum

config.status:725: creating src/Makevars

## ---------------- ##
## Cache variables. ##
## ---------------- ##

ac_cv_cxx_compiler_gnu=yes
ac_cv_env_CCC_set=
ac_cv_env_CCC_value=
ac_cv_env_CPPFLAGS_set=
ac_cv_env_CPPFLAGS_value=
ac_cv_env_CXXFLAGS_set=
ac_cv_env_CXXFLAGS_value=
ac_cv_env_CXX_set=
ac_cv_env_CXX_value=
ac_cv_env_LDFLAGS_set=
ac_cv_env_LDFLAGS_value=
ac_cv_env_LIBS_set=
ac_cv_env_LIBS_value=
ac_cv_env_build_alias_set=
ac_cv_env_build_alias_value=
ac_cv_env_host_alias_set=
ac_cv_env_host_alias_value=
ac_cv_env_target_alias_set=
ac_cv_env_target_alias_value=
ac_cv_file__usr_local_cuda_bin_nvcc=yes
ac_cv_file__usr_local_cuda_lib64_libcublas_so=yes
ac_cv_objext=o
ac_cv_prog_cxx_g=yes

## ----------------- ##
## Output variables. ##
## ----------------- ##

CPPFLAGS=''
CUDA_HOME='/usr/local/cuda'
CUDA_INSTALLED='true'
CUDA_LINKS=' -L/usr/local/cuda/lib64 -lcudart -lcublas -lcusolver -lcusolverMg'
CXX='g++ -std=gnu++11'
CXXFLAGS='-g -O2'
DEFS='-DPACKAGE_NAME=\"RandomFieldsUtils\" -DPACKAGE_TARNAME=\"randomfieldsutils\" -DPACKAGE_VERSION=\"0.6\" -DPACKAGE_STRING=\"RandomFieldsUtils\ 0.6\" -DPACKAGE_BUGREPORT=\"\" -DPACKAGE_URL=\"\"'
ECHO_C=''
ECHO_N='-n'
ECHO_T=''
EXEEXT=''
LDFLAGS=''
LIBOBJS=''
LIBS=''
LSCPU=''
LTLIBOBJS=''
MY_OWN_CU_FILES='solve_gpu.o'
MY_OWN_CXXFLAGS=' -DUSEGPU '
MY_OWN_LIBFLAGS=''
OBJEXT='o'
PACKAGE_BUGREPORT=''
PACKAGE_NAME='RandomFieldsUtils'
PACKAGE_STRING='RandomFieldsUtils 0.6'
PACKAGE_TARNAME='randomfieldsutils'
PACKAGE_URL=''
PACKAGE_VERSION='0.6'
PATH_SEPARATOR=':'
R_LIB=''
SHELL='/bin/bash'
SYSCTL=''
ac_ct_CXX=''
bindir='${exec_prefix}/bin'
build_alias=''
datadir='${datarootdir}'
datarootdir='${prefix}/share'
docdir='${datarootdir}/doc/${PACKAGE_TARNAME}'
dvidir='${docdir}'
exec_prefix='${prefix}'
host_alias=''
htmldir='${docdir}'
includedir='${prefix}/include'
infodir='${datarootdir}/info'
libdir='${exec_prefix}/lib'
libexecdir='${exec_prefix}/libexec'
localedir='${datarootdir}/locale'
localstatedir='${prefix}/var'
mandir='${datarootdir}/man'
oldincludedir='/usr/include'
pdfdir='${docdir}'
prefix='/usr/local'
program_transform_name='s,x,x,'
psdir='${docdir}'
runstatedir='${localstatedir}/run'
sbindir='${exec_prefix}/sbin'
sharedstatedir='${prefix}/com'
sysconfdir='${prefix}/etc'
target_alias=''

## ----------- ##
## confdefs.h. ##
## ----------- ##

/* confdefs.h */
#define PACKAGE_NAME "RandomFieldsUtils"
#define PACKAGE_TARNAME "randomfieldsutils"
#define PACKAGE_VERSION "0.6"
#define PACKAGE_STRING "RandomFieldsUtils 0.6"
#define PACKAGE_BUGREPORT ""
#define PACKAGE_URL ""

configure: exit 0
